Build started 3/3/2014 3:01:04 PM.
     1>Project "C:\Users\Gabriel\Desktop\GL\TehProgAplGrafice\TehProgAplGrafice.vcxproj" on node 2 (Build target(s)).
     1>ClCompile:
         C:\Program Files (x86)\Microsoft Visual Studio 12.0\VC\bin\CL.exe /c /IC:\Users\Gabriel\Desktop\GL\TehProgAplGrafice\..\Libraries\freeglut\include\GL /IC:\Users\Gabriel\Desktop\GL\TehProgAplGrafice\ /IC:\Users\Gabriel\Desktop\GL\TehProgAplGrafice\..\Libraries\glew\include\GL /IC:\Users\Gabriel\Desktop\GL\TehProgAplGrafice\..\Libraries\glm /IC:\Users\Gabriel\Desktop\GL\TehProgAplGrafice\..\Libraries\zlib\include /ZI /nologo /W3 /WX- /sdl /Od /Oy- /D _MBCS /Gm /EHsc /RTC1 /MDd /GS /fp:precise /Zc:wchar_t /Zc:forScope /Fo"Debug\Temp\\" /Fd"Debug\Temp\vc120.pdb" /Gd /TP /analyze- /errorReport:prompt main.cpp
         main.cpp
     1>c:\users\gabriel\desktop\gl\tehprogaplgrafice\main.cpp(70): warning C4305: 'initializing' : truncation from 'double' to 'GLfloat'
     1>c:\users\gabriel\desktop\gl\tehprogaplgrafice\main.cpp(80): warning C4305: 'initializing' : truncation from 'double' to 'GLfloat'
     1>c:\users\gabriel\desktop\gl\tehprogaplgrafice\main.cpp(81): warning C4305: 'initializing' : truncation from 'double' to 'GLfloat'
     1>c:\users\gabriel\desktop\gl\tehprogaplgrafice\main.cpp(250): warning C4244: 'argument' : conversion from 'double' to 'GLfloat', possible loss of data
     1>c:\users\gabriel\desktop\gl\tehprogaplgrafice\main.cpp(268): warning C4244: 'argument' : conversion from 'double' to 'GLfloat', possible loss of data
     1>c:\users\gabriel\desktop\gl\tehprogaplgrafice\main.cpp(335): warning C4305: 'argument' : truncation from 'double' to 'GLfloat'
     1>c:\users\gabriel\desktop\gl\tehprogaplgrafice\main.cpp(336): warning C4305: 'argument' : truncation from 'double' to 'GLfloat'
     1>c:\users\gabriel\desktop\gl\tehprogaplgrafice\main.cpp(360): warning C4305: 'argument' : truncation from 'double' to 'GLfloat'
     1>c:\users\gabriel\desktop\gl\tehprogaplgrafice\main.cpp(386): warning C4244: '=' : conversion from 'double' to 'GLfloat', possible loss of data
     1>c:\users\gabriel\desktop\gl\tehprogaplgrafice\main.cpp(443): warning C4018: '<' : signed/unsigned mismatch
     1>c:\users\gabriel\desktop\gl\tehprogaplgrafice\main.cpp(578): warning C4554: '^' : check operator precedence for possible error; use parentheses to clarify precedence
       Link:
         C:\Program Files (x86)\Microsoft Visual Studio 12.0\VC\bin\link.exe /ERRORREPORT:PROMPT /OUT:"C:\Users\Gabriel\Desktop\GL\TehProgAplGrafice\Debug\TehProgAplGrafice.exe" /INCREMENTAL /NOLOGO /LIBPATH:C:\Users\Gabriel\Desktop\GL\TehProgAplGrafice\..\Libraries\freeglut\lib /LIBPATH:C:\Users\Gabriel\Desktop\GL\TehProgAplGrafice\..\Libraries\glew\lib\Release\Win32 /LIBPATH:C:\Users\Gabriel\Desktop\GL\TehProgAplGrafice\..\Libraries\zlib\lib zdll.lib glew32.lib glew32s.lib freeglut.lib kernel32.lib user32.lib gdi32.lib winspool.lib comdlg32.lib advapi32.lib shell32.lib ole32.lib oleaut32.lib uuid.lib odbc32.lib odbccp32.lib kernel32.lib user32.lib gdi32.lib winspool.lib comdlg32.lib advapi32.lib shell32.lib ole32.lib oleaut32.lib uuid.lib odbc32.lib odbccp32.lib /MANIFEST /MANIFESTUAC:"level='asInvoker' uiAccess='false'" /manifest:embed /DEBUG /PDB:"C:\Users\Gabriel\Desktop\GL\TehProgAplGrafice\Debug\TehProgAplGrafice.pdb" /TLBID:1 /DYNAMICBASE /NXCOMPAT /IMPLIB:"C:\Users\Gabriel\Desktop\GL\TehProgAplGrafice\Debug\TehProgAplGrafice.lib" /MACHINE:X86 Debug\Temp\main.obj
         Debug\Temp\utils.obj
         Debug\Temp\V3.obj
         TehProgAplGrafice.vcxproj -> C:\Users\Gabriel\Desktop\GL\TehProgAplGrafice\Debug\TehProgAplGrafice.exe
     1>Done Building Project "C:\Users\Gabriel\Desktop\GL\TehProgAplGrafice\TehProgAplGrafice.vcxproj" (Build target(s)).

Build succeeded.

Time Elapsed 00:00:01.35
